2025-09-09 05:00:23,236 [INFO] Iniciando automação do Tangerino...
2025-09-09 05:00:25,741 [INFO] Acessando página de login...
2025-09-09 05:00:27,459 [INFO] Clicando em 'Registrar Ponto'...
2025-09-09 05:00:27,742 [INFO] Preenchendo código do empregador...
2025-09-09 05:00:28,585 [INFO] Preenchendo PIN...
2025-09-09 05:00:28,596 [INFO] Clicando em 'Registrar'...
2025-09-09 05:00:28,642 [INFO] ⏳ Aguardando 5 segundos para garantir registro...
2025-09-09 05:00:33,682 [INFO] Automação finalizada.
2025-09-09 11:00:05,296 [INFO] Iniciando automação do Tangerino...
2025-09-09 11:00:05,902 [INFO] Acessando página de login...
2025-09-09 11:00:07,885 [INFO] Clicando em 'Registrar Ponto'...
2025-09-09 11:00:08,249 [INFO] Preenchendo código do empregador...
2025-09-09 11:00:09,619 [INFO] Preenchendo PIN...
2025-09-09 11:00:09,629 [INFO] Clicando em 'Registrar'...
2025-09-09 11:00:09,665 [INFO] ⏳ Aguardando 5 segundos para garantir registro...
2025-09-09 11:00:14,728 [INFO] Automação finalizada.
2025-09-09 12:00:15,829 [INFO] Iniciando automação do Tangerino...
2025-09-09 12:00:16,172 [INFO] Acessando página de login...
2025-09-09 12:00:17,926 [INFO] Clicando em 'Registrar Ponto'...
2025-09-09 12:00:18,244 [INFO] Preenchendo código do empregador...
2025-09-09 12:00:19,085 [INFO] Preenchendo PIN...
2025-09-09 12:00:19,094 [INFO] Clicando em 'Registrar'...
2025-09-09 12:00:19,147 [INFO] ⏳ Aguardando 5 segundos para garantir registro...
2025-09-09 12:00:24,188 [INFO] Automação finalizada.
2025-09-09 15:00:28,200 [INFO] Iniciando automação do Tangerino...
2025-09-09 15:00:28,849 [INFO] Acessando página de login...
2025-09-09 15:00:31,568 [INFO] Clicando em 'Registrar Ponto'...
2025-09-09 15:00:31,953 [INFO] Preenchendo código do empregador...
2025-09-09 15:00:36,902 [INFO] Preenchendo PIN...
2025-09-09 15:00:36,913 [INFO] Clicando em 'Registrar'...
2025-09-09 15:00:36,950 [INFO] ⏳ Aguardando 5 segundos para garantir registro...
2025-09-09 15:00:41,989 [INFO] Automação finalizada.
2025-09-10 05:00:14,779 [INFO] Iniciando automação do Tangerino...
2025-09-10 05:00:16,410 [INFO] Acessando página de login...
2025-09-10 05:00:18,462 [INFO] Clicando em 'Registrar Ponto'...
2025-09-10 05:00:18,821 [INFO] Preenchendo código do empregador...
2025-09-10 05:00:19,677 [INFO] Preenchendo PIN...
2025-09-10 05:00:19,687 [INFO] Clicando em 'Registrar'...
2025-09-10 05:00:19,729 [INFO] ⏳ Aguardando 5 segundos para garantir registro...
2025-09-10 05:00:24,825 [INFO] Automação finalizada.
2025-09-10 11:01:29,227 [INFO] Iniciando automação do Tangerino...
2025-09-10 11:01:31,388 [INFO] Acessando página de login...
2025-09-10 11:01:33,089 [INFO] Clicando em 'Registrar Ponto'...
2025-09-10 11:01:33,391 [INFO] Preenchendo código do empregador...
2025-09-10 11:01:34,249 [INFO] Preenchendo PIN...
2025-09-10 11:01:34,258 [INFO] Clicando em 'Registrar'...
2025-09-10 11:01:34,307 [INFO] ⏳ Aguardando 5 segundos para garantir registro...
2025-09-10 11:01:39,348 [INFO] Automação finalizada.
2025-09-10 12:00:10,411 [INFO] Iniciando automação do Tangerino...
2025-09-10 12:00:10,843 [INFO] Acessando página de login...
2025-09-10 12:00:12,476 [INFO] Clicando em 'Registrar Ponto'...
2025-09-10 12:00:12,816 [INFO] Preenchendo código do empregador...
2025-09-10 12:00:13,647 [INFO] Preenchendo PIN...
2025-09-10 12:00:13,656 [INFO] Clicando em 'Registrar'...
2025-09-10 12:00:13,709 [INFO] ⏳ Aguardando 5 segundos para garantir registro...
2025-09-10 12:00:18,765 [INFO] Automação finalizada.
2025-09-10 15:00:20,946 [INFO] Iniciando automação do Tangerino...
2025-09-10 15:00:22,565 [INFO] Acessando página de login...
2025-09-10 15:00:24,258 [INFO] Clicando em 'Registrar Ponto'...
2025-09-10 15:00:24,602 [INFO] Preenchendo código do empregador...
2025-09-10 15:00:25,442 [INFO] Preenchendo PIN...
2025-09-10 15:00:25,453 [INFO] Clicando em 'Registrar'...
2025-09-10 15:00:25,505 [INFO] ⏳ Aguardando 5 segundos para garantir registro...
2025-09-10 15:00:30,562 [INFO] Automação finalizada.
2025-09-11 05:00:04,536 [INFO] Iniciando automação do Tangerino...
2025-09-11 05:00:06,533 [INFO] Acessando página de login...
2025-09-11 05:00:08,505 [INFO] Clicando em 'Registrar Ponto'...
2025-09-11 05:00:08,917 [INFO] Preenchendo código do empregador...
2025-09-11 05:00:09,769 [INFO] Preenchendo PIN...
2025-09-11 05:00:09,780 [INFO] Clicando em 'Registrar'...
2025-09-11 05:00:09,820 [INFO] ⏳ Aguardando 5 segundos para garantir registro...
2025-09-11 05:00:14,986 [INFO] Automação finalizada.
2025-09-11 12:01:16,174 [INFO] Iniciando automação do Tangerino...
2025-09-11 12:01:23,428 [INFO] Acessando página de login...
2025-09-11 12:01:25,368 [INFO] Clicando em 'Registrar Ponto'...
2025-09-11 12:01:25,880 [INFO] Preenchendo código do empregador...
2025-09-11 12:01:26,964 [INFO] Preenchendo PIN...
2025-09-11 12:01:27,001 [INFO] Clicando em 'Registrar'...
2025-09-11 12:01:27,041 [INFO] ⏳ Aguardando 5 segundos para garantir registro...
2025-09-11 12:01:32,081 [INFO] Automação finalizada.
2025-09-11 13:00:05,358 [INFO] Iniciando automação do Tangerino...
2025-09-11 13:00:10,460 [INFO] Acessando página de login...
2025-09-11 13:00:12,251 [INFO] Clicando em 'Registrar Ponto'...
2025-09-11 13:00:12,716 [INFO] Preenchendo código do empregador...
2025-09-11 13:00:13,582 [INFO] Preenchendo PIN...
2025-09-11 13:00:13,594 [INFO] Clicando em 'Registrar'...
2025-09-11 13:00:13,634 [INFO] ⏳ Aguardando 5 segundos para garantir registro...
2025-09-11 13:00:18,761 [INFO] Automação finalizada.
2025-09-11 15:00:19,940 [INFO] Iniciando automação do Tangerino...
2025-09-11 15:00:20,480 [INFO] Acessando página de login...
2025-09-11 15:00:25,793 [INFO] Clicando em 'Registrar Ponto'...
2025-09-11 15:00:26,038 [INFO] Preenchendo código do empregador...
2025-09-11 15:00:26,899 [INFO] Preenchendo PIN...
2025-09-11 15:00:26,910 [INFO] Clicando em 'Registrar'...
2025-09-11 15:00:26,953 [INFO] ⏳ Aguardando 5 segundos para garantir registro...
2025-09-11 15:00:31,993 [INFO] Automação finalizada.
2025-09-12 06:00:04,915 [INFO] Iniciando automação do Tangerino...
2025-09-12 06:00:05,807 [INFO] Acessando página de login...
2025-09-12 06:00:07,707 [INFO] Clicando em 'Registrar Ponto'...
2025-09-12 06:00:07,966 [INFO] Preenchendo código do empregador...
2025-09-12 06:00:08,805 [INFO] Preenchendo PIN...
2025-09-12 06:00:08,815 [INFO] Clicando em 'Registrar'...
2025-09-12 06:00:08,860 [INFO] ⏳ Aguardando 5 segundos para garantir registro...
2025-09-12 06:00:13,899 [INFO] Automação finalizada.
2025-09-12 12:00:15,505 [INFO] Iniciando automação do Tangerino...
2025-09-12 12:00:15,903 [INFO] Acessando página de login...
2025-09-12 13:00:17,296 [INFO] Iniciando automação do Tangerino...
2025-09-12 13:00:18,147 [INFO] Acessando página de login...
2025-09-12 13:00:20,163 [INFO] Clicando em 'Registrar Ponto'...
2025-09-12 13:00:20,427 [INFO] Preenchendo código do empregador...
2025-09-12 13:00:21,816 [INFO] Preenchendo PIN...
2025-09-12 13:00:21,825 [INFO] Clicando em 'Registrar'...
2025-09-12 13:00:21,872 [INFO] ⏳ Aguardando 5 segundos para garantir registro...
2025-09-12 13:00:26,928 [INFO] Automação finalizada.
2025-09-12 15:00:28,572 [INFO] Iniciando automação do Tangerino...
2025-09-12 15:00:29,313 [INFO] Acessando página de login...
2025-09-12 15:00:31,511 [INFO] Clicando em 'Registrar Ponto'...
2025-09-12 15:00:31,763 [INFO] Preenchendo código do empregador...
2025-09-12 15:00:33,106 [INFO] Preenchendo PIN...
2025-09-12 15:00:33,116 [INFO] Clicando em 'Registrar'...
2025-09-12 15:00:33,166 [INFO] ⏳ Aguardando 5 segundos para garantir registro...
2025-09-12 15:00:38,205 [INFO] Automação finalizada.
2025-09-15 06:00:05,877 [INFO] Iniciando automação do Tangerino...
2025-09-15 06:00:07,804 [INFO] Acessando página de login...
2025-09-15 06:00:09,711 [INFO] Clicando em 'Registrar Ponto'...
2025-09-15 06:00:10,035 [INFO] Preenchendo código do empregador...
2025-09-15 06:00:11,387 [INFO] Preenchendo PIN...
2025-09-15 06:00:11,397 [INFO] Clicando em 'Registrar'...
2025-09-15 06:00:11,436 [INFO] ⏳ Aguardando 5 segundos para garantir registro...
2025-09-15 06:00:16,534 [INFO] Automação finalizada.
2025-09-15 11:00:18,061 [INFO] Iniciando automação do Tangerino...
2025-09-15 11:00:18,814 [INFO] Acessando página de login...
2025-09-15 11:00:20,755 [INFO] Clicando em 'Registrar Ponto'...
2025-09-15 11:00:21,004 [INFO] Preenchendo código do empregador...
2025-09-15 11:00:21,908 [INFO] Preenchendo PIN...
2025-09-15 11:00:21,955 [INFO] Clicando em 'Registrar'...
2025-09-15 11:00:22,001 [INFO] ⏳ Aguardando 5 segundos para garantir registro...
2025-09-15 11:00:27,056 [INFO] Automação finalizada.
2025-09-15 12:00:28,204 [INFO] Iniciando automação do Tangerino...
2025-09-15 12:00:28,632 [INFO] Acessando página de login...
2025-09-15 12:00:30,531 [INFO] Clicando em 'Registrar Ponto'...
2025-09-15 12:00:30,787 [INFO] Preenchendo código do empregador...
2025-09-15 12:00:32,149 [INFO] Preenchendo PIN...
2025-09-15 12:00:32,177 [INFO] Clicando em 'Registrar'...
2025-09-15 12:00:32,229 [INFO] ⏳ Aguardando 5 segundos para garantir registro...
2025-09-15 12:00:37,269 [INFO] Automação finalizada.
2025-09-15 15:00:08,525 [INFO] Iniciando automação do Tangerino...
2025-09-15 15:00:09,435 [INFO] Acessando página de login...
2025-09-15 15:00:11,454 [INFO] Clicando em 'Registrar Ponto'...
2025-09-15 15:00:11,708 [INFO] Preenchendo código do empregador...
2025-09-15 15:00:13,052 [INFO] Preenchendo PIN...
2025-09-15 15:00:13,062 [INFO] Clicando em 'Registrar'...
2025-09-15 15:00:13,111 [INFO] ⏳ Aguardando 5 segundos para garantir registro...
2025-09-15 15:00:18,151 [INFO] Automação finalizada.
2025-09-16 06:00:20,867 [INFO] Iniciando automação do Tangerino...
2025-09-16 06:00:21,489 [INFO] Acessando página de login...
2025-09-16 06:00:23,466 [INFO] Clicando em 'Registrar Ponto'...
2025-09-16 06:00:23,707 [INFO] Preenchendo código do empregador...
2025-09-16 06:00:24,595 [INFO] Preenchendo PIN...
2025-09-16 06:00:24,628 [INFO] Clicando em 'Registrar'...
2025-09-16 06:00:24,675 [INFO] ⏳ Aguardando 5 segundos para garantir registro...
2025-09-16 06:00:29,715 [INFO] Automação finalizada.
2025-09-16 11:00:01,123 [INFO] Iniciando automação do Tangerino...
2025-09-16 11:00:01,751 [INFO] Acessando página de login...
2025-09-16 11:00:05,197 [INFO] Clicando em 'Registrar Ponto'...
2025-09-16 11:00:05,579 [INFO] Preenchendo código do empregador...
2025-09-16 11:00:09,505 [INFO] Preenchendo PIN...
2025-09-16 11:00:09,515 [INFO] Clicando em 'Registrar'...
2025-09-16 11:00:09,566 [INFO] ⏳ Aguardando 5 segundos para garantir registro...
2025-09-16 11:00:14,621 [INFO] Automação finalizada.
2025-09-16 12:00:15,740 [INFO] Iniciando automação do Tangerino...
2025-09-16 12:00:16,173 [INFO] Acessando página de login...
2025-09-16 12:00:18,096 [INFO] Clicando em 'Registrar Ponto'...
2025-09-16 12:00:18,403 [INFO] Preenchendo código do empregador...
2025-09-16 12:00:19,745 [INFO] Preenchendo PIN...
2025-09-16 12:00:19,755 [INFO] Clicando em 'Registrar'...
2025-09-16 12:00:19,805 [INFO] ⏳ Aguardando 5 segundos para garantir registro...
2025-09-16 12:00:24,845 [INFO] Automação finalizada.
2025-09-16 15:00:26,199 [INFO] Iniciando automação do Tangerino...
2025-09-16 15:00:26,774 [INFO] Acessando página de login...
2025-09-16 15:00:28,464 [INFO] Clicando em 'Registrar Ponto'...
2025-09-16 15:00:28,743 [INFO] Preenchendo código do empregador...
2025-09-16 15:00:29,634 [INFO] Preenchendo PIN...
2025-09-16 15:00:29,669 [INFO] Clicando em 'Registrar'...
2025-09-16 15:00:29,710 [INFO] ⏳ Aguardando 5 segundos para garantir registro...
2025-09-16 15:00:34,765 [INFO] Automação finalizada.
2025-09-17 06:00:08,249 [INFO] Iniciando automação do Tangerino...
2025-09-17 06:00:10,118 [INFO] Acessando página de login...
2025-09-17 06:00:11,981 [INFO] Clicando em 'Registrar Ponto'...
2025-09-17 06:00:12,289 [INFO] Preenchendo código do empregador...
2025-09-17 06:00:13,206 [INFO] Preenchendo PIN...
2025-09-17 06:00:13,241 [INFO] Clicando em 'Registrar'...
2025-09-17 06:00:13,292 [INFO] ⏳ Aguardando 5 segundos para garantir registro...
2025-09-17 06:00:18,359 [INFO] Automação finalizada.
2025-09-17 11:00:22,822 [INFO] Iniciando automação do Tangerino...
2025-09-17 11:00:27,144 [INFO] Acessando página de login...
2025-09-17 11:00:28,912 [INFO] Clicando em 'Registrar Ponto'...
2025-09-17 11:00:29,179 [INFO] Preenchendo código do empregador...
2025-09-17 11:00:30,083 [INFO] Preenchendo PIN...
2025-09-17 11:00:30,097 [INFO] Clicando em 'Registrar'...
2025-09-17 11:00:30,151 [INFO] ⏳ Aguardando 5 segundos para garantir registro...
2025-09-17 11:00:35,209 [INFO] Automação finalizada.
2025-09-17 12:00:06,694 [INFO] Iniciando automação do Tangerino...
2025-09-17 12:00:07,114 [INFO] Acessando página de login...
2025-09-17 12:00:10,833 [INFO] Clicando em 'Registrar Ponto'...
2025-09-17 12:00:11,086 [INFO] Preenchendo código do empregador...
2025-09-17 12:00:12,438 [INFO] Preenchendo PIN...
2025-09-17 12:00:12,450 [INFO] Clicando em 'Registrar'...
2025-09-17 12:00:12,498 [INFO] ⏳ Aguardando 5 segundos para garantir registro...
2025-09-17 12:00:17,563 [INFO] Automação finalizada.
2025-09-17 15:00:18,879 [INFO] Iniciando automação do Tangerino...
2025-09-17 15:00:19,746 [INFO] Acessando página de login...
2025-09-17 15:00:21,732 [INFO] Clicando em 'Registrar Ponto'...
2025-09-17 15:00:21,981 [INFO] Preenchendo código do empregador...
2025-09-17 15:00:23,883 [INFO] Preenchendo PIN...
2025-09-17 15:00:23,895 [INFO] Clicando em 'Registrar'...
2025-09-17 15:00:23,949 [INFO] ⏳ Aguardando 5 segundos para garantir registro...
2025-09-17 15:00:29,006 [INFO] Automação finalizada.
2025-09-18 06:00:01,989 [INFO] Iniciando automação do Tangerino...
2025-09-18 06:00:03,921 [INFO] Acessando página de login...
2025-09-18 06:00:06,055 [INFO] Clicando em 'Registrar Ponto'...
2025-09-18 06:00:06,394 [INFO] Preenchendo código do empregador...
2025-09-18 06:00:07,754 [INFO] Preenchendo PIN...
2025-09-18 06:00:07,766 [INFO] Clicando em 'Registrar'...
2025-09-18 06:00:07,818 [INFO] ⏳ Aguardando 5 segundos para garantir registro...
2025-09-18 06:00:12,901 [INFO] Automação finalizada.
2025-09-18 11:00:14,499 [INFO] Iniciando automação do Tangerino...
2025-09-18 11:00:15,156 [INFO] Acessando página de login...
2025-09-18 11:00:17,127 [INFO] Clicando em 'Registrar Ponto'...
2025-09-18 11:00:17,375 [INFO] Preenchendo código do empregador...
2025-09-18 11:00:18,285 [INFO] Preenchendo PIN...
2025-09-18 11:00:18,305 [INFO] Clicando em 'Registrar'...
2025-09-18 11:00:18,350 [INFO] ⏳ Aguardando 5 segundos para garantir registro...
2025-09-18 11:00:23,406 [INFO] Automação finalizada.
2025-09-18 12:00:25,556 [INFO] Iniciando automação do Tangerino...
2025-09-18 12:00:26,064 [INFO] Acessando página de login...
2025-09-18 12:00:27,889 [INFO] Clicando em 'Registrar Ponto'...
2025-09-18 12:00:28,287 [INFO] Preenchendo código do empregador...
2025-09-18 12:00:29,691 [INFO] Preenchendo PIN...
2025-09-18 12:00:29,711 [INFO] Clicando em 'Registrar'...
2025-09-18 12:00:29,775 [INFO] ⏳ Aguardando 5 segundos para garantir registro...
2025-09-18 12:00:34,846 [INFO] Automação finalizada.
2025-09-18 15:00:06,276 [INFO] Iniciando automação do Tangerino...
2025-09-18 15:00:06,944 [INFO] Acessando página de login...
2025-09-18 15:00:08,940 [INFO] Clicando em 'Registrar Ponto'...
2025-09-18 15:00:09,221 [INFO] Preenchendo código do empregador...
2025-09-18 15:00:10,555 [INFO] Preenchendo PIN...
2025-09-18 15:00:10,566 [INFO] Clicando em 'Registrar'...
2025-09-18 15:00:10,611 [INFO] ⏳ Aguardando 5 segundos para garantir registro...
2025-09-18 15:00:15,653 [INFO] Automação finalizada.
2025-09-19 06:00:19,035 [INFO] Iniciando automação do Tangerino...
2025-09-19 06:00:20,899 [INFO] Acessando página de login...
2025-09-19 06:00:23,271 [INFO] Clicando em 'Registrar Ponto'...
2025-09-19 06:00:23,602 [INFO] Preenchendo código do empregador...
2025-09-19 06:00:24,513 [INFO] Preenchendo PIN...
2025-09-19 06:00:24,527 [INFO] Clicando em 'Registrar'...
2025-09-19 06:00:24,578 [INFO] ⏳ Aguardando 5 segundos para garantir registro...
2025-09-19 06:00:29,666 [INFO] Automação finalizada.
2025-09-19 11:00:01,240 [INFO] Iniciando automação do Tangerino...
2025-09-19 11:00:01,869 [INFO] Acessando página de login...
2025-09-19 11:00:03,585 [INFO] Clicando em 'Registrar Ponto'...
2025-09-19 11:00:03,900 [INFO] Preenchendo código do empregador...
2025-09-19 11:00:04,819 [INFO] Preenchendo PIN...
2025-09-19 11:00:04,857 [INFO] Clicando em 'Registrar'...
2025-09-19 11:00:04,900 [INFO] ⏳ Aguardando 5 segundos para garantir registro...
2025-09-19 11:00:09,957 [INFO] Automação finalizada.
2025-09-19 12:00:11,189 [INFO] Iniciando automação do Tangerino...
2025-09-19 12:00:11,615 [INFO] Acessando página de login...
2025-09-19 12:00:13,332 [INFO] Clicando em 'Registrar Ponto'...
2025-09-19 12:00:13,694 [INFO] Preenchendo código do empregador...
2025-09-19 12:00:15,040 [INFO] Preenchendo PIN...
2025-09-19 12:00:15,050 [INFO] Clicando em 'Registrar'...
2025-09-19 12:00:15,100 [INFO] ⏳ Aguardando 5 segundos para garantir registro...
2025-09-19 12:00:20,156 [INFO] Automação finalizada.
2025-09-19 15:00:21,836 [INFO] Iniciando automação do Tangerino...
2025-09-19 15:00:22,802 [INFO] Acessando página de login...
2025-09-19 15:00:24,801 [INFO] Clicando em 'Registrar Ponto'...
2025-09-19 15:00:25,139 [INFO] Preenchendo código do empregador...
2025-09-19 15:00:27,025 [INFO] Preenchendo PIN...
2025-09-19 15:00:27,038 [INFO] Clicando em 'Registrar'...
2025-09-19 15:00:27,083 [INFO] ⏳ Aguardando 5 segundos para garantir registro...
2025-09-19 15:00:32,157 [INFO] Automação finalizada.
2025-09-22 06:00:10,726 [INFO] Iniciando automação do Tangerino...
2025-09-22 06:00:12,627 [INFO] Acessando página de login...
2025-09-22 06:00:14,887 [INFO] Clicando em 'Registrar Ponto'...
2025-09-22 06:00:15,216 [INFO] Preenchendo código do empregador...
2025-09-22 06:00:16,173 [INFO] Preenchendo PIN...
2025-09-22 06:00:16,188 [INFO] Clicando em 'Registrar'...
2025-09-22 06:00:16,230 [INFO] ⏳ Aguardando 5 segundos para garantir registro...
2025-09-22 06:00:21,315 [INFO] Automação finalizada.
2025-09-22 12:00:03,779 [INFO] Iniciando automação do Tangerino...
2025-09-22 12:00:06,533 [INFO] Acessando página de login...
2025-09-22 12:00:08,228 [INFO] Clicando em 'Registrar Ponto'...
2025-09-22 12:00:08,531 [INFO] Preenchendo código do empregador...
2025-09-22 12:00:09,379 [INFO] Preenchendo PIN...
2025-09-22 12:00:09,389 [INFO] Clicando em 'Registrar'...
2025-09-22 12:00:09,437 [INFO] ⏳ Aguardando 5 segundos para garantir registro...
2025-09-22 12:00:14,494 [INFO] Automação finalizada.
2025-09-22 15:00:15,896 [INFO] Iniciando automação do Tangerino...
2025-09-22 15:00:22,282 [INFO] Acessando página de login...
2025-09-22 15:00:44,614 [INFO] Clicando em 'Registrar Ponto'...
2025-09-22 15:00:47,398 [INFO] Preenchendo código do empregador...
2025-09-22 15:05:26,629 [INFO] Iniciando automação do Tangerino...
2025-09-22 15:05:27,028 [INFO] Acessando página de login...
2025-09-22 15:05:43,960 [INFO] Clicando em 'Registrar Ponto'...
2025-09-22 15:05:44,684 [INFO] Preenchendo código do empregador...
2025-09-22 15:08:43,776 [INFO] Iniciando automação do Tangerino...
2025-09-22 15:08:44,178 [INFO] Acessando página de login...
2025-09-22 15:08:45,975 [INFO] Clicando em 'Registrar Ponto'...
2025-09-22 15:08:46,278 [INFO] Aguardando o campo de empregador carregar...
2025-09-22 15:08:47,112 [INFO] Preenchendo código do empregador...
2025-09-22 15:08:47,127 [INFO] Preenchendo PIN...
2025-09-22 15:08:47,138 [INFO] Clicando em 'Registrar'...
2025-09-22 15:08:47,187 [INFO] ⏳ Aguardando 5 segundos para garantir registro...
2025-09-22 15:08:52,242 [INFO] Automação finalizada.
2025-09-22 15:11:55,467 [INFO] Iniciando automação do Tangerino...
2025-09-22 15:11:56,506 [INFO] Acessando página de login...
2025-09-22 15:11:58,597 [INFO] Clicando em 'Registrar Ponto'...
2025-09-22 15:11:59,054 [INFO] Aguardando o campo de empregador carregar...
2025-09-22 15:12:00,399 [INFO] Preenchendo código do empregador...
2025-09-22 15:12:00,415 [INFO] Preenchendo PIN...
2025-09-22 15:12:00,430 [INFO] Clicando em 'Registrar'...
2025-09-22 15:12:00,471 [INFO] ⏳ Aguardando 5 segundos para garantir registro...
2025-09-22 15:12:05,692 [INFO] Automação finalizada.
2025-09-22 15:12:09,275 [INFO] Iniciando automação do Tangerino...
2025-09-22 15:12:10,052 [INFO] Acessando página de login...
2025-09-22 15:12:11,728 [INFO] Clicando em 'Registrar Ponto'...
2025-09-22 15:12:12,014 [INFO] Aguardando o campo de empregador carregar...
2025-09-22 15:12:12,846 [INFO] Preenchendo código do empregador...
2025-09-22 15:12:12,867 [INFO] Preenchendo PIN...
2025-09-22 15:12:12,879 [INFO] Clicando em 'Registrar'...
2025-09-22 15:12:12,933 [INFO] ⏳ Aguardando 5 segundos para garantir registro...
2025-09-22 15:12:18,129 [INFO] Automação finalizada.
2025-09-23 06:00:03,542 [INFO] Iniciando automação do Tangerino...
2025-09-23 06:00:04,704 [INFO] Acessando página de login...
2025-09-23 06:00:06,439 [INFO] Clicando em 'Registrar Ponto'...
2025-09-23 06:00:06,705 [INFO] Aguardando o campo de empregador carregar...
2025-09-23 06:00:07,535 [INFO] Preenchendo código do empregador...
2025-09-23 06:00:07,558 [INFO] Preenchendo PIN...
2025-09-23 06:00:07,568 [INFO] Clicando em 'Registrar'...
2025-09-23 06:00:07,613 [INFO] ⏳ Aguardando 5 segundos para garantir registro...
2025-09-23 06:00:12,788 [INFO] Automação finalizada.
2025-09-23 11:00:14,604 [INFO] Iniciando automação do Tangerino...
2025-09-23 11:00:15,938 [INFO] Acessando página de login...
2025-09-23 11:00:18,009 [INFO] Clicando em 'Registrar Ponto'...
2025-09-23 11:00:18,272 [INFO] Aguardando o campo de empregador carregar...
2025-09-23 11:00:19,112 [INFO] Preenchendo código do empregador...
2025-09-23 11:00:19,125 [INFO] Preenchendo PIN...
2025-09-23 11:00:19,142 [INFO] Clicando em 'Registrar'...
2025-09-23 11:00:19,181 [INFO] ⏳ Aguardando 5 segundos para garantir registro...
2025-09-23 11:00:24,350 [INFO] Automação finalizada.
2025-09-23 12:00:25,547 [INFO] Iniciando automação do Tangerino...
2025-09-23 12:00:27,192 [INFO] Acessando página de login...
2025-09-23 12:00:29,248 [INFO] Clicando em 'Registrar Ponto'...
2025-09-23 12:00:29,556 [INFO] Aguardando o campo de empregador carregar...
2025-09-23 12:00:31,936 [INFO] Preenchendo código do empregador...
2025-09-23 12:00:31,951 [INFO] Preenchendo PIN...
2025-09-23 12:00:31,965 [INFO] Clicando em 'Registrar'...
2025-09-23 12:00:32,007 [INFO] ⏳ Aguardando 5 segundos para garantir registro...
2025-09-23 12:00:37,230 [INFO] Automação finalizada.
2025-09-23 15:00:08,749 [INFO] Iniciando automação do Tangerino...
2025-09-23 15:00:09,976 [INFO] Acessando página de login...
2025-09-23 15:00:12,264 [INFO] Clicando em 'Registrar Ponto'...
2025-09-23 15:00:12,521 [INFO] Aguardando o campo de empregador carregar...
2025-09-23 15:00:13,351 [INFO] Preenchendo código do empregador...
2025-09-23 15:00:13,363 [INFO] Preenchendo PIN...
2025-09-23 15:00:13,374 [INFO] Clicando em 'Registrar'...
2025-09-23 15:00:13,417 [INFO] ⏳ Aguardando 5 segundos para garantir registro...
2025-09-23 15:00:18,578 [INFO] Automação finalizada.
2025-09-24 06:00:21,686 [INFO] Iniciando automação do Tangerino...
2025-09-24 06:00:24,434 [INFO] Acessando página de login...
2025-09-24 06:00:26,697 [INFO] Clicando em 'Registrar Ponto'...
2025-09-24 06:00:26,968 [INFO] Aguardando o campo de empregador carregar...
2025-09-24 06:00:27,812 [INFO] Preenchendo código do empregador...
2025-09-24 06:00:27,828 [INFO] Preenchendo PIN...
2025-09-24 06:00:27,842 [INFO] Clicando em 'Registrar'...
2025-09-24 06:00:27,884 [INFO] ⏳ Aguardando 5 segundos para garantir registro...
2025-09-24 06:00:33,077 [INFO] Automação finalizada.
2025-09-24 11:00:04,655 [INFO] Iniciando automação do Tangerino...
2025-09-24 11:00:05,992 [INFO] Acessando página de login...
2025-09-24 11:00:07,823 [INFO] Clicando em 'Registrar Ponto'...
2025-09-24 11:00:08,099 [INFO] Aguardando o campo de empregador carregar...
2025-09-24 11:00:08,932 [INFO] Preenchendo código do empregador...
2025-09-24 11:00:08,946 [INFO] Preenchendo PIN...
2025-09-24 11:00:08,961 [INFO] Clicando em 'Registrar'...
2025-09-24 11:00:09,007 [INFO] ⏳ Aguardando 5 segundos para garantir registro...
2025-09-24 11:00:14,181 [INFO] Automação finalizada.
2025-09-24 12:00:15,736 [INFO] Iniciando automação do Tangerino...
2025-09-24 12:00:16,654 [INFO] Acessando página de login...
2025-09-24 12:00:18,361 [INFO] Clicando em 'Registrar Ponto'...
2025-09-24 12:00:18,633 [INFO] Aguardando o campo de empregador carregar...
2025-09-24 12:00:19,481 [INFO] Preenchendo código do empregador...
2025-09-24 12:00:19,498 [INFO] Preenchendo PIN...
2025-09-24 12:00:19,509 [INFO] Clicando em 'Registrar'...
2025-09-24 12:00:19,550 [INFO] ⏳ Aguardando 5 segundos para garantir registro...
2025-09-24 12:00:24,726 [INFO] Automação finalizada.
2025-09-24 15:00:26,127 [INFO] Iniciando automação do Tangerino...
2025-09-24 15:00:27,409 [INFO] Acessando página de login...
2025-09-24 15:00:29,969 [INFO] Clicando em 'Registrar Ponto'...
2025-09-24 15:00:30,556 [INFO] Aguardando o campo de empregador carregar...
2025-09-24 15:00:32,928 [INFO] Preenchendo código do empregador...
2025-09-24 15:00:32,940 [INFO] Preenchendo PIN...
2025-09-24 15:00:32,952 [INFO] Clicando em 'Registrar'...
2025-09-24 15:00:32,997 [INFO] ⏳ Aguardando 5 segundos para garantir registro...
2025-09-24 15:00:38,174 [INFO] Automação finalizada.
2025-09-25 06:00:11,276 [INFO] Iniciando automação do Tangerino...
2025-09-25 06:00:15,466 [INFO] Acessando página de login...
2025-09-25 06:00:17,370 [INFO] Clicando em 'Registrar Ponto'...
2025-09-25 06:00:17,688 [INFO] Aguardando o campo de empregador carregar...
2025-09-25 06:00:18,520 [INFO] Preenchendo código do empregador...
2025-09-25 06:00:18,533 [INFO] Preenchendo PIN...
2025-09-25 06:00:18,547 [INFO] Clicando em 'Registrar'...
2025-09-25 06:00:18,587 [INFO] ⏳ Aguardando 5 segundos para garantir registro...
2025-09-25 06:00:23,780 [INFO] Automação finalizada.
2025-09-25 11:00:25,490 [INFO] Iniciando automação do Tangerino...
2025-09-25 11:00:26,604 [INFO] Acessando página de login...
2025-09-25 11:00:36,061 [INFO] Clicando em 'Registrar Ponto'...
2025-09-25 11:00:36,589 [INFO] Aguardando o campo de empregador carregar...
2025-09-25 11:00:37,419 [INFO] Preenchendo código do empregador...
2025-09-25 11:00:37,432 [INFO] Preenchendo PIN...
2025-09-25 11:00:37,445 [INFO] Clicando em 'Registrar'...
2025-09-25 11:00:37,490 [INFO] ⏳ Aguardando 5 segundos para garantir registro...
2025-09-25 11:00:42,681 [INFO] Automação finalizada.
2025-09-25 12:00:13,907 [INFO] Iniciando automação do Tangerino...
2025-09-25 12:00:14,726 [INFO] Acessando página de login...
2025-09-25 12:00:16,424 [INFO] Clicando em 'Registrar Ponto'...
2025-09-25 12:00:16,700 [INFO] Aguardando o campo de empregador carregar...
2025-09-25 12:00:17,527 [INFO] Preenchendo código do empregador...
2025-09-25 12:00:17,551 [INFO] Preenchendo PIN...
2025-09-25 12:00:17,561 [INFO] Clicando em 'Registrar'...
2025-09-25 12:00:17,605 [INFO] ⏳ Aguardando 5 segundos para garantir registro...
2025-09-25 12:00:22,800 [INFO] Automação finalizada.
2025-09-25 15:00:24,528 [INFO] Iniciando automação do Tangerino...
2025-09-25 15:00:25,642 [INFO] Acessando página de login...
2025-09-25 15:00:27,397 [INFO] Clicando em 'Registrar Ponto'...
2025-09-25 15:00:27,672 [INFO] Aguardando o campo de empregador carregar...
2025-09-25 15:00:28,525 [INFO] Preenchendo código do empregador...
2025-09-25 15:00:28,540 [INFO] Preenchendo PIN...
2025-09-25 15:00:28,540 [INFO] Clicando em 'Registrar'...
2025-09-25 15:00:28,591 [INFO] ⏳ Aguardando 5 segundos para garantir registro...
2025-09-25 15:00:33,768 [INFO] Automação finalizada.
2025-09-26 06:00:06,363 [INFO] Iniciando automação do Tangerino...
2025-09-26 06:00:08,473 [INFO] Acessando página de login...
2025-09-26 06:00:10,343 [INFO] Clicando em 'Registrar Ponto'...
2025-09-26 06:00:10,643 [INFO] Aguardando o campo de empregador carregar...
2025-09-26 06:00:11,472 [INFO] Preenchendo código do empregador...
2025-09-26 06:00:11,492 [INFO] Preenchendo PIN...
2025-09-26 06:00:11,501 [INFO] Clicando em 'Registrar'...
2025-09-26 06:00:11,538 [INFO] ⏳ Aguardando 5 segundos para garantir registro...
2025-09-26 06:00:16,732 [INFO] Automação finalizada.
2025-09-26 11:00:18,804 [INFO] Iniciando automação do Tangerino...
2025-09-26 11:00:19,997 [INFO] Acessando página de login...
2025-09-26 11:00:21,731 [INFO] Clicando em 'Registrar Ponto'...
2025-09-26 11:00:22,377 [INFO] Aguardando o campo de empregador carregar...
2025-09-26 11:00:23,724 [INFO] Preenchendo código do empregador...
2025-09-26 11:00:23,738 [INFO] Preenchendo PIN...
2025-09-26 11:00:23,750 [INFO] Clicando em 'Registrar'...
2025-09-26 11:00:23,784 [INFO] ⏳ Aguardando 5 segundos para garantir registro...
2025-09-26 11:00:28,974 [INFO] Automação finalizada.
2025-09-26 12:00:30,146 [INFO] Iniciando automação do Tangerino...
2025-09-26 12:00:31,083 [INFO] Acessando página de login...
2025-09-26 12:00:32,905 [INFO] Clicando em 'Registrar Ponto'...
2025-09-26 12:00:33,272 [INFO] Aguardando o campo de empregador carregar...
2025-09-26 12:00:34,114 [INFO] Preenchendo código do empregador...
2025-09-26 12:00:34,139 [INFO] Preenchendo PIN...
2025-09-26 12:00:34,151 [INFO] Clicando em 'Registrar'...
2025-09-26 12:00:34,199 [INFO] ⏳ Aguardando 5 segundos para garantir registro...
2025-09-26 12:00:39,403 [INFO] Automação finalizada.
2025-09-26 15:00:10,847 [INFO] Iniciando automação do Tangerino...
2025-09-26 15:00:12,113 [INFO] Acessando página de login...
2025-09-26 16:56:44,090 [INFO] Iniciando automação do Tangerino...
2025-09-26 16:56:45,010 [INFO] Acessando página de login...
2025-09-26 16:56:46,741 [INFO] Clicando em 'Registrar Ponto'...
2025-09-26 16:56:47,024 [INFO] Aguardando o campo de empregador carregar...
2025-09-26 16:56:47,864 [INFO] Preenchendo código do empregador...
2025-09-26 16:56:47,886 [INFO] Preenchendo PIN...
2025-09-26 16:56:47,901 [INFO] Clicando em 'Registrar'...
2025-09-26 16:56:47,948 [INFO] ⏳ Aguardando 5 segundos para garantir registro...
2025-09-26 16:56:53,151 [INFO] Automação finalizada.
2025-09-29 06:00:02,596 [INFO] Iniciando automação do Tangerino...
2025-09-29 06:00:06,429 [INFO] Acessando página de login...
2025-09-29 06:00:08,412 [INFO] Clicando em 'Registrar Ponto'...
2025-09-29 06:00:08,721 [INFO] Aguardando o campo de empregador carregar...
2025-09-29 06:00:09,567 [INFO] Preenchendo código do empregador...
2025-09-29 06:00:09,579 [INFO] Preenchendo PIN...
2025-09-29 06:00:09,589 [INFO] Clicando em 'Registrar'...
2025-09-29 06:00:09,640 [INFO] ⏳ Aguardando 5 segundos para garantir registro...
2025-09-29 06:00:14,832 [INFO] Automação finalizada.
2025-09-29 11:00:16,826 [INFO] Iniciando automação do Tangerino...
2025-09-29 11:00:21,384 [INFO] Acessando página de login...
2025-09-29 11:00:23,063 [INFO] Clicando em 'Registrar Ponto'...
2025-09-29 11:00:23,367 [INFO] Aguardando o campo de empregador carregar...
2025-09-29 11:00:24,232 [INFO] Preenchendo código do empregador...
2025-09-29 11:00:24,252 [INFO] Preenchendo PIN...
2025-09-29 11:00:24,268 [INFO] Clicando em 'Registrar'...
2025-09-29 11:00:24,316 [INFO] ⏳ Aguardando 5 segundos para garantir registro...
2025-09-29 11:00:29,603 [INFO] Automação finalizada.
2025-09-29 12:00:30,802 [INFO] Iniciando automação do Tangerino...
2025-09-29 12:00:31,682 [INFO] Acessando página de login...
2025-09-29 12:00:34,397 [INFO] Clicando em 'Registrar Ponto'...
2025-09-29 12:00:34,690 [INFO] Aguardando o campo de empregador carregar...
2025-09-29 12:00:35,512 [INFO] Preenchendo código do empregador...
2025-09-29 12:00:35,537 [INFO] Preenchendo PIN...
2025-09-29 12:00:35,553 [INFO] Clicando em 'Registrar'...
2025-09-29 12:00:35,597 [INFO] ⏳ Aguardando 5 segundos para garantir registro...
2025-09-29 12:00:40,788 [INFO] Automação finalizada.
2025-09-29 15:00:12,288 [INFO] Iniciando automação do Tangerino...
2025-09-29 15:00:13,435 [INFO] Acessando página de login...
2025-09-29 15:00:15,205 [INFO] Clicando em 'Registrar Ponto'...
2025-09-29 15:00:15,491 [INFO] Aguardando o campo de empregador carregar...
2025-09-29 15:00:16,880 [INFO] Preenchendo código do empregador...
2025-09-29 15:00:16,904 [INFO] Preenchendo PIN...
2025-09-29 15:00:16,914 [INFO] Clicando em 'Registrar'...
2025-09-29 15:00:16,959 [INFO] ⏳ Aguardando 5 segundos para garantir registro...
2025-09-29 15:00:22,135 [INFO] Automação finalizada.
